  Inventory.cpp
E:\University\2nd Semester\OOP\Project\HUMM\HUMM\Inventory.h(4,10): fatal error C1083: Cannot open include file: 'mysql.h': No such file or directory
  MyForm1.cpp
E:\University\2nd Semester\OOP\Project\HUMM\HUMM\MyForm1.cpp(1,10): fatal error C1083: Cannot open include file: 'MyForm1.h': No such file or directory
  Order.cpp
E:\University\2nd Semester\OOP\Project\HUMM\HUMM\Inventory.h(4,10): fatal error C1083: Cannot open include file: 'mysql.h': No such file or directory
  Page1_LOGIN.cpp
E:\University\2nd Semester\OOP\Project\HUMM\HUMM\Inventory.h(4,10): fatal error C1083: Cannot open include file: 'mysql.h': No such file or directory
  Page2_SignUp.cpp
E:\University\2nd Semester\OOP\Project\HUMM\HUMM\Inventory.h(4,10): fatal error C1083: Cannot open include file: 'mysql.h': No such file or directory
  Page3_MainMenu.cpp
E:\University\2nd Semester\OOP\Project\HUMM\HUMM\Inventory.h(4,10): fatal error C1083: Cannot open include file: 'mysql.h': No such file or directory
  Page4_Products.cpp
E:\University\2nd Semester\OOP\Project\HUMM\HUMM\Inventory.h(4,10): fatal error C1083: Cannot open include file: 'mysql.h': No such file or directory
  Page_AddOrder.cpp
E:\University\2nd Semester\OOP\Project\HUMM\HUMM\Inventory.h(4,10): fatal error C1083: Cannot open include file: 'mysql.h': No such file or directory
  Page_Customer.cpp
E:\University\2nd Semester\OOP\Project\HUMM\HUMM\Inventory.h(4,10): fatal error C1083: Cannot open include file: 'mysql.h': No such file or directory
  Page_Customer_Info.cpp
E:\University\2nd Semester\OOP\Project\HUMM\HUMM\Inventory.h(4,10): fatal error C1083: Cannot open include file: 'mysql.h': No such file or directory
  Page_Reports.cpp
E:\University\2nd Semester\OOP\Project\HUMM\HUMM\Inventory.h(4,10): fatal error C1083: Cannot open include file: 'mysql.h': No such file or directory
  Page_Setting_ChangePass.cpp
E:\University\2nd Semester\OOP\Project\HUMM\HUMM\Person.h(3,10): fatal error C1083: Cannot open include file: 'mysql.h': No such file or directory
  Page_Setting_DeleteUser.cpp
E:\University\2nd Semester\OOP\Project\HUMM\HUMM\Person.h(3,10): fatal error C1083: Cannot open include file: 'mysql.h': No such file or directory
  Page_Setting_Main.cpp
E:\University\2nd Semester\OOP\Project\HUMM\HUMM\Person.h(3,10): fatal error C1083: Cannot open include file: 'mysql.h': No such file or directory
  Page_Vendor.cpp
E:\University\2nd Semester\OOP\Project\HUMM\HUMM\Person.h(3,10): fatal error C1083: Cannot open include file: 'mysql.h': No such file or directory
  Person.cpp
E:\University\2nd Semester\OOP\Project\HUMM\HUMM\Person.h(3,10): fatal error C1083: Cannot open include file: 'mysql.h': No such file or directory
  Product.cpp
  User.cpp
E:\University\2nd Semester\OOP\Project\HUMM\HUMM\Person.h(3,10): fatal error C1083: Cannot open include file: 'mysql.h': No such file or directory
  Vendor.cpp
E:\University\2nd Semester\OOP\Project\HUMM\HUMM\Person.h(3,10): fatal error C1083: Cannot open include file: 'mysql.h': No such file or directory
  .NETFramework,Version=v4.6.1.AssemblyAttributes.cpp
  Generating Code...
